{
  "RSpec": {
    "coverage": {
      "/Users/clydeautin/Turing/Mod-1/group_projects/futbol/lib/game_teams.rb": {
        "lines": [
          1,
          null,
          1,
          1,
          null,
          1,
          null,
          null,
          null,
          null,
          null,
          null,
          null,
          null,
          1,
          14882,
          14882,
          14882,
          14882,
          14882,
          14882,
          14882,
          14882,
          14882,
          null,
          null,
          1,
          0,
          null,
          null,
          null,
          null,
          null,
          null,
          null,
          null
        ]
      },
      "/Users/clydeautin/Turing/Mod-1/group_projects/futbol/lib/games.rb": {
        "lines": [
          1,
          null,
          1,
          1,
          null,
          1,
          null,
          null,
          null,
          null,
          null,
          null,
          null,
          null,
          1,
          7441,
          7441,
          7441,
          7441,
          7441,
          7441,
          7441,
          7441,
          7441,
          null,
          null,
          1,
          0,
          null,
          null,
          null,
          null,
          null,
          null,
          null,
          null
        ]
      },
      "/Users/clydeautin/Turing/Mod-1/group_projects/futbol/lib/teams.rb": {
        "lines": [
          1,
          null,
          1,
          1,
          null,
          1,
          null,
          null,
          null,
          null,
          1,
          32,
          32,
          32,
          32,
          32,
          null,
          null,
          1,
          0,
          null,
          null,
          null,
          null,
          null,
          null,
          null,
          null
        ]
      },
      "/Users/clydeautin/Turing/Mod-1/group_projects/futbol/lib/stat_tracker.rb": {
        "lines": [
          1,
          null,
          1,
          null,
          1,
          null,
          null,
          null,
          1,
          1,
          1,
          1,
          null,
          null,
          1,
          1,
          1,
          1,
          null,
          1,
          null,
          null,
          1,
          3,
          3,
          22355,
          7441,
          14914,
          32,
          14882,
          14882,
          null,
          null,
          3,
          null,
          null,
          1,
          1,
          7441,
          null,
          null,
          null,
          1,
          1,
          7441,
          null,
          null,
          null
        ]
      }
    },
    "timestamp": 1713411451
  },
  "Unknown Test Framework": {
    "coverage": {
      "/Users/gbowman/turing_mod_1/futbol/lib/game_teams.rb": {
        "lines": [
          1,
          null,
          1,
          1,
          null,
          1,
          null,
          null,
          null,
          null,
          null,
          null,
          null,
          null,
          1,
          0,
          0,
          0,
          0,
          0,
          0,
          0,
          0,
          0,
          null,
          null,
          1,
          0,
          null,
          null,
          null,
          null,
          null,
          null,
          null,
          null
        ]
      },
      "/Users/gbowman/turing_mod_1/futbol/lib/games.rb": {
        "lines": [
          1,
          null,
          1,
          1,
          null,
          1,
          null,
          null,
          null,
          null,
          null,
          null,
          null,
          null,
          1,
          0,
          0,
          0,
          0,
          0,
          0,
          0,
          0,
          0,
          null,
          null,
          1,
          0,
          null,
          null,
          null,
          null,
          null,
          null,
          null,
          null
        ]
      },
      "/Users/gbowman/turing_mod_1/futbol/lib/teams.rb": {
        "lines": [
          1,
          null,
          1,
          1,
          null,
          1,
          null,
          null,
          null,
          null,
          1,
          0,
          0,
          0,
          0,
          0,
          null,
          null,
          1,
          0,
          null,
          null,
          null,
          null,
          null,
          null,
          null,
          null
        ]
      },
      "/Users/gbowman/turing_mod_1/futbol/lib/stat_tracker.rb": {
        "lines": [
          1,
          null,
          1,
          null,
          1,
          0,
          0,
          0,
          null,
          null,
          1,
          0,
          0,
          0,
          null,
          0,
          null,
          null,
          1,
          0,
          0,
          0,
          0,
          0,
          0,
          0,
          0,
          0,
          null,
          0,
          null,
          null,
          null,
          1,
          0,
          0,
          null,
          null,
          null
        ]
      }
    },
    "timestamp": 1713396540
  }
}
